<?xml version="1.0" encoding="UTF-8"?>
<testsuite xmlns:xsi="http://www.w3.org/2001/XMLSchema-instance" xsi:noNamespaceSchemaLocation="https://maven.apache.org/surefire/maven-surefire-plugin/xsd/surefire-test-report.xsd" version="3.0.2" name="com.h2demo.h2db.H2dbApplicationTests" time="5.878" tests="1" errors="0" skipped="0" failures="0">
  <properties>
[...]
</properties>
  <testcase name="contextLoads" classname="com.h2demo.h2db.H2dbApplicationTests" time="0.705">
    <system-out><![CDATA[12:27:22.669 [main] INFO org.springframework.test.context.support.AnnotationConfigContextLoaderUtils -- Could not detect default configuration classes for test class [com.h2demo.h2db.H2dbApplicationTests]: H2dbApplicationTests does not declare any static, non-private, non-final, nested classes annotated with @Configuration.
12:27:22.790 [main] INFO org.springframework.boot.test.context.SpringBootTestContextBootstrapper -- Found @SpringBootConfiguration com.h2demo.h2db.H2dbApplication for test class com.h2demo.h2db.H2dbApplicationTests

  .   ____          _            __ _ _
 /\\ / ___'_ __ _ _(_)_ __  __ _ \ \ \ \
( ( )\___ | '_ | '_| | '_ \/ _` | \ \ \ \
 \\/  ___)| |_)| | | | | || (_| |  ) ) ) )
  '  |____| .__|_| |_|_| |_\__, | / / / /
 =========|_|==============|___/=/_/_/_/

 :: Spring Boot ::                (v3.5.4)

2025-08-05T12:27:23.301+05:30  INFO 1796 --- [h2db] [           main] com.h2demo.h2db.H2dbApplicationTests     : Starting H2dbApplicationTests using Java 19.0.2 with PID 1796 (started by Aizen Sosuke in E:\Projects\tutorials\h2db)
2025-08-05T12:27:23.303+05:30  INFO 1796 --- [h2db] [           main] com.h2demo.h2db.H2dbApplicationTests     : No active profile set, falling back to 1 default profile: "default"
2025-08-05T12:27:23.334+05:30 DEBUG 1796 --- [h2db] [           main] o.s.w.c.s.GenericWebApplicationContext   : Refreshing org.springframework.web.context.support.GenericWebApplicationContext@60222fd8
2025-08-05T12:27:24.280+05:30  INFO 1796 --- [h2db] [           main] .s.d.r.c.RepositoryConfigurationDelegate : Bootstrapping Spring Data JPA repositories in DEFAULT mode.
2025-08-05T12:27:24.356+05:30  INFO 1796 --- [h2db] [           main] .s.d.r.c.RepositoryConfigurationDelegate : Finished Spring Data repository scanning in 62 ms. Found 1 JPA repository interface.
2025-08-05T12:27:24.820+05:30  INFO 1796 --- [h2db] [           main] o.hibernate.jpa.internal.util.LogHelper  : HHH000204: Processing PersistenceUnitInfo [name: default]
2025-08-05T12:27:24.892+05:30  INFO 1796 --- [h2db] [           main] org.hibernate.Version                    : HHH000412: Hibernate ORM core version 6.6.22.Final
2025-08-05T12:27:24.934+05:30  INFO 1796 --- [h2db] [           main] o.h.c.internal.RegionFactoryInitiator    : HHH000026: Second-level cache disabled
2025-08-05T12:27:25.464+05:30  INFO 1796 --- [h2db] [           main] o.s.o.j.p.SpringPersistenceUnitInfo      : No LoadTimeWeaver setup: ignoring JPA class transformer
2025-08-05T12:27:25.498+05:30  INFO 1796 --- [h2db] [           main] com.zaxxer.hikari.HikariDataSource       : HikariPool-1 - Starting...
2025-08-05T12:27:25.713+05:30  INFO 1796 --- [h2db] [           main] com.zaxxer.hikari.pool.HikariPool        : HikariPool-1 - Added connection conn0: url=jdbc:h2:file:/data/testdb user=SA
2025-08-05T12:27:25.716+05:30  INFO 1796 --- [h2db] [           main] com.zaxxer.hikari.HikariDataSource       : HikariPool-1 - Start completed.
2025-08-05T12:27:25.747+05:30  WARN 1796 --- [h2db] [           main] org.hibernate.orm.deprecation            : HHH90000025: H2Dialect does not need to be specified explicitly using 'hibernate.dialect' (remove the property setting and it will be selected by default)
2025-08-05T12:27:25.768+05:30  INFO 1796 --- [h2db] [           main] org.hibernate.orm.connections.pooling    : HHH10001005: Database info:
	Database JDBC URL [Connecting through datasource 'HikariDataSource (HikariPool-1)']
	Database driver: undefined/unknown
	Database version: 2.3.232
	Autocommit mode: undefined/unknown
	Isolation level: undefined/unknown
	Minimum pool size: undefined/unknown
	Maximum pool size: undefined/unknown
Hibernate: create global temporary table HTE_user_db(id integer, rn_ integer not null, password varchar(20), city varchar(255), email varchar(255), username varchar(255), primary key (rn_)) TRANSACTIONAL
2025-08-05T12:27:26.581+05:30  INFO 1796 --- [h2db] [           main] o.h.e.t.j.p.i.JtaPlatformInitiator       : HHH000489: No JTA platform available (set 'hibernate.transaction.jta.platform' to enable JTA platform integration)
2025-08-05T12:27:26.610+05:30  INFO 1796 --- [h2db] [           main] j.LocalContainerEntityManagerFactoryBean : Initialized JPA EntityManagerFactory for persistence unit 'default'
2025-08-05T12:27:26.936+05:30  INFO 1796 --- [h2db] [           main] o.s.d.j.r.query.QueryEnhancerFactory     : Hibernate is in classpath; If applicable, HQL parser will be used.
2025-08-05T12:27:27.171+05:30  WARN 1796 --- [h2db] [           main] JpaBaseConfiguration$JpaWebConfiguration : spring.jpa.open-in-view is enabled by default. Therefore, database queries may be performed during view rendering. Explicitly configure spring.jpa.open-in-view to disable this warning
2025-08-05T12:27:27.298+05:30 DEBUG 1796 --- [h2db] [           main] s.w.s.m.m.a.RequestMappingHandlerMapping : 14 mappings in 'requestMappingHandlerMapping'
2025-08-05T12:27:27.402+05:30 DEBUG 1796 --- [h2db] [           main] o.s.w.s.handler.SimpleUrlHandlerMapping  : Patterns [/webjars/**, /**, /swagger-ui*/*swagger-initializer.js, /swagger-ui*/**] in 'resourceHandlerMapping'
2025-08-05T12:27:27.435+05:30 DEBUG 1796 --- [h2db] [           main] s.w.s.m.m.a.RequestMappingHandlerAdapter : ControllerAdvice beans: 0 @ModelAttribute, 0 @InitBinder, 1 RequestBodyAdvice, 1 ResponseBodyAdvice
2025-08-05T12:27:27.495+05:30 DEBUG 1796 --- [h2db] [           main] .m.m.a.ExceptionHandlerExceptionResolver : ControllerAdvice beans: 1 @ExceptionHandler, 1 ResponseBodyAdvice
2025-08-05T12:27:27.605+05:30  INFO 1796 --- [h2db] [           main] o.s.b.a.h2.H2ConsoleAutoConfiguration    : H2 console available at '/h2-console'. Database available at 'jdbc:h2:file:/data/testdb'
2025-08-05T12:27:27.677+05:30  INFO 1796 --- [h2db] [           main] com.h2demo.h2db.H2dbApplicationTests     : Started H2dbApplicationTests in 4.695 seconds (process running for 5.708)
]]></system-out>
  </testcase>
</testsuite>